-------------------------------------------------------------------------------
Test set: ru.neginskiy.tm.endpoint.UserEndpointTest
-------------------------------------------------------------------------------
Tests run: 3, Failures: 0, Errors: 3, Skipped: 0, Time elapsed: 0.016 s <<< FAILURE! - in ru.neginskiy.tm.endpoint.UserEndpointTest
testIsRegistredLogin(ru.neginskiy.tm.endpoint.UserEndpointTest)  Time elapsed: 0 s  <<< ERROR!
javax.xml.ws.WebServiceException: 
Failed to access the WSDL at: http://localhost:8080/task-manager/UserEndpoint?wsdl. It failed with: 
	http://localhost:8080/task-manager/UserEndpoint?wsdl.
	at ru.neginskiy.tm.endpoint.UserEndpointTest.<init>(UserEndpointTest.java:9)
Caused by: java.io.FileNotFoundException: http://localhost:8080/task-manager/UserEndpoint?wsdl
	at ru.neginskiy.tm.endpoint.UserEndpointTest.<init>(UserEndpointTest.java:9)

testFindUser(ru.neginskiy.tm.endpoint.UserEndpointTest)  Time elapsed: 0 s  <<< ERROR!
javax.xml.ws.WebServiceException: 
Failed to access the WSDL at: http://localhost:8080/task-manager/UserEndpoint?wsdl. It failed with: 
	http://localhost:8080/task-manager/UserEndpoint?wsdl.
	at ru.neginskiy.tm.endpoint.UserEndpointTest.<init>(UserEndpointTest.java:9)
Caused by: java.io.FileNotFoundException: http://localhost:8080/task-manager/UserEndpoint?wsdl
	at ru.neginskiy.tm.endpoint.UserEndpointTest.<init>(UserEndpointTest.java:9)

testUserMerge(ru.neginskiy.tm.endpoint.UserEndpointTest)  Time elapsed: 0 s  <<< ERROR!
javax.xml.ws.WebServiceException: 
Failed to access the WSDL at: http://localhost:8080/task-manager/UserEndpoint?wsdl. It failed with: 
	http://localhost:8080/task-manager/UserEndpoint?wsdl.
	at ru.neginskiy.tm.endpoint.UserEndpointTest.<init>(UserEndpointTest.java:9)
Caused by: java.io.FileNotFoundException: http://localhost:8080/task-manager/UserEndpoint?wsdl
	at ru.neginskiy.tm.endpoint.UserEndpointTest.<init>(UserEndpointTest.java:9)

