-------------------------------------------------------------------------------
Test set: ru.neginskiy.tm.endpoint.ProjectEndpointTest
-------------------------------------------------------------------------------
Tests run: 4, Failures: 0, Errors: 4, Skipped: 0, Time elapsed: 0.151 s <<< FAILURE! - in ru.neginskiy.tm.endpoint.ProjectEndpointTest
testProjectGetById(ru.neginskiy.tm.endpoint.ProjectEndpointTest)  Time elapsed: 0 s  <<< ERROR!
javax.xml.ws.WebServiceException: 
Failed to access the WSDL at: http://localhost:8080/task-manager/UserEndpoint?wsdl. It failed with: 
	http://localhost:8080/task-manager/UserEndpoint?wsdl.
	at ru.neginskiy.tm.endpoint.ProjectEndpointTest.<init>(ProjectEndpointTest.java:14)
Caused by: java.io.FileNotFoundException: http://localhost:8080/task-manager/UserEndpoint?wsdl
	at ru.neginskiy.tm.endpoint.ProjectEndpointTest.<init>(ProjectEndpointTest.java:14)

testProjectDelete(ru.neginskiy.tm.endpoint.ProjectEndpointTest)  Time elapsed: 0 s  <<< ERROR!
javax.xml.ws.WebServiceException: 
Failed to access the WSDL at: http://localhost:8080/task-manager/UserEndpoint?wsdl. It failed with: 
	http://localhost:8080/task-manager/UserEndpoint?wsdl.
	at ru.neginskiy.tm.endpoint.ProjectEndpointTest.<init>(ProjectEndpointTest.java:14)
Caused by: java.io.FileNotFoundException: http://localhost:8080/task-manager/UserEndpoint?wsdl
	at ru.neginskiy.tm.endpoint.ProjectEndpointTest.<init>(ProjectEndpointTest.java:14)

testProjectGetAll(ru.neginskiy.tm.endpoint.ProjectEndpointTest)  Time elapsed: 0 s  <<< ERROR!
javax.xml.ws.WebServiceException: 
Failed to access the WSDL at: http://localhost:8080/task-manager/UserEndpoint?wsdl. It failed with: 
	http://localhost:8080/task-manager/UserEndpoint?wsdl.
	at ru.neginskiy.tm.endpoint.ProjectEndpointTest.<init>(ProjectEndpointTest.java:14)
Caused by: java.io.FileNotFoundException: http://localhost:8080/task-manager/UserEndpoint?wsdl
	at ru.neginskiy.tm.endpoint.ProjectEndpointTest.<init>(ProjectEndpointTest.java:14)

testProjectMerge(ru.neginskiy.tm.endpoint.ProjectEndpointTest)  Time elapsed: 0 s  <<< ERROR!
javax.xml.ws.WebServiceException: 
Failed to access the WSDL at: http://localhost:8080/task-manager/UserEndpoint?wsdl. It failed with: 
	http://localhost:8080/task-manager/UserEndpoint?wsdl.
	at ru.neginskiy.tm.endpoint.ProjectEndpointTest.<init>(ProjectEndpointTest.java:14)
Caused by: java.io.FileNotFoundException: http://localhost:8080/task-manager/UserEndpoint?wsdl
	at ru.neginskiy.tm.endpoint.ProjectEndpointTest.<init>(ProjectEndpointTest.java:14)

