-------------------------------------------------------------------------------
Test set: ru.neginskiy.tm.endpoint.TaskEndpointTest
-------------------------------------------------------------------------------
Tests run: 8, Failures: 0, Errors: 8, Skipped: 0, Time elapsed: 0.312 s <<< FAILURE! - in ru.neginskiy.tm.endpoint.TaskEndpointTest
testTaskDelete(ru.neginskiy.tm.endpoint.TaskEndpointTest)  Time elapsed: 0.031 s  <<< ERROR!
com.sun.xml.internal.ws.fault.ServerSOAPFaultException: Client received SOAP Fault from server: WFLYJPA0060: Transaction is required to perform this operation (either use a transaction or extended persistence context) Please see the server log to find more detail regarding exact cause of the failure.
	at ru.neginskiy.tm.endpoint.TaskEndpointTest.before(TaskEndpointTest.java:38)

testTaskDelete(ru.neginskiy.tm.endpoint.TaskEndpointTest)  Time elapsed: 0.031 s  <<< ERROR!
com.sun.xml.internal.ws.fault.ServerSOAPFaultException: Client received SOAP Fault from server: Failed calling Repository: [Repository=ru.neginskiy.tm.api.repository.ITaskRepository,entity=ru.neginskiy.tm.entity.Task,method=findBy,exception=class org.apache.deltaspike.data.api.QueryInvocationException,message=Failed calling Repository: [Repository=ru.neginskiy.tm.api.repository.ITaskRepository,entity=ru.neginskiy.tm.entity.Task,method=findBy,exception=class org.apache.deltaspike.data.api.QueryInvocationException,message=Failed calling Repository: [Repository=ru.neginskiy.tm.api.repository.ITaskRepository,entity=ru.neginskiy.tm.entity.Task,method=findBy,exception=class java.lang.reflect.InvocationTargetException,message=null Please see the server log to find more detail regarding exact cause of the failure.
	at ru.neginskiy.tm.endpoint.TaskEndpointTest.after(TaskEndpointTest.java:115)

testTaskGetAll(ru.neginskiy.tm.endpoint.TaskEndpointTest)  Time elapsed: 0.016 s  <<< ERROR!
com.sun.xml.internal.ws.fault.ServerSOAPFaultException: Client received SOAP Fault from server: WFLYJPA0060: Transaction is required to perform this operation (either use a transaction or extended persistence context) Please see the server log to find more detail regarding exact cause of the failure.
	at ru.neginskiy.tm.endpoint.TaskEndpointTest.before(TaskEndpointTest.java:38)

testTaskGetAll(ru.neginskiy.tm.endpoint.TaskEndpointTest)  Time elapsed: 0.016 s  <<< ERROR!
com.sun.xml.internal.ws.fault.ServerSOAPFaultException: Client received SOAP Fault from server: Failed calling Repository: [Repository=ru.neginskiy.tm.api.repository.ITaskRepository,entity=ru.neginskiy.tm.entity.Task,method=findBy,exception=class org.apache.deltaspike.data.api.QueryInvocationException,message=Failed calling Repository: [Repository=ru.neginskiy.tm.api.repository.ITaskRepository,entity=ru.neginskiy.tm.entity.Task,method=findBy,exception=class org.apache.deltaspike.data.api.QueryInvocationException,message=Failed calling Repository: [Repository=ru.neginskiy.tm.api.repository.ITaskRepository,entity=ru.neginskiy.tm.entity.Task,method=findBy,exception=class java.lang.reflect.InvocationTargetException,message=null Please see the server log to find more detail regarding exact cause of the failure.
	at ru.neginskiy.tm.endpoint.TaskEndpointTest.after(TaskEndpointTest.java:115)

testTaskMerge(ru.neginskiy.tm.endpoint.TaskEndpointTest)  Time elapsed: 0.032 s  <<< ERROR!
com.sun.xml.internal.ws.fault.ServerSOAPFaultException: Client received SOAP Fault from server: WFLYJPA0060: Transaction is required to perform this operation (either use a transaction or extended persistence context) Please see the server log to find more detail regarding exact cause of the failure.
	at ru.neginskiy.tm.endpoint.TaskEndpointTest.before(TaskEndpointTest.java:38)

testTaskMerge(ru.neginskiy.tm.endpoint.TaskEndpointTest)  Time elapsed: 0.032 s  <<< ERROR!
com.sun.xml.internal.ws.fault.ServerSOAPFaultException: Client received SOAP Fault from server: Failed calling Repository: [Repository=ru.neginskiy.tm.api.repository.ITaskRepository,entity=ru.neginskiy.tm.entity.Task,method=findBy,exception=class org.apache.deltaspike.data.api.QueryInvocationException,message=Failed calling Repository: [Repository=ru.neginskiy.tm.api.repository.ITaskRepository,entity=ru.neginskiy.tm.entity.Task,method=findBy,exception=class org.apache.deltaspike.data.api.QueryInvocationException,message=Failed calling Repository: [Repository=ru.neginskiy.tm.api.repository.ITaskRepository,entity=ru.neginskiy.tm.entity.Task,method=findBy,exception=class java.lang.reflect.InvocationTargetException,message=null Please see the server log to find more detail regarding exact cause of the failure.
	at ru.neginskiy.tm.endpoint.TaskEndpointTest.after(TaskEndpointTest.java:115)

testTaskGetById(ru.neginskiy.tm.endpoint.TaskEndpointTest)  Time elapsed: 0.031 s  <<< ERROR!
com.sun.xml.internal.ws.fault.ServerSOAPFaultException: Client received SOAP Fault from server: WFLYJPA0060: Transaction is required to perform this operation (either use a transaction or extended persistence context) Please see the server log to find more detail regarding exact cause of the failure.
	at ru.neginskiy.tm.endpoint.TaskEndpointTest.before(TaskEndpointTest.java:38)

testTaskGetById(ru.neginskiy.tm.endpoint.TaskEndpointTest)  Time elapsed: 0.031 s  <<< ERROR!
com.sun.xml.internal.ws.fault.ServerSOAPFaultException: Client received SOAP Fault from server: Failed calling Repository: [Repository=ru.neginskiy.tm.api.repository.ITaskRepository,entity=ru.neginskiy.tm.entity.Task,method=findBy,exception=class org.apache.deltaspike.data.api.QueryInvocationException,message=Failed calling Repository: [Repository=ru.neginskiy.tm.api.repository.ITaskRepository,entity=ru.neginskiy.tm.entity.Task,method=findBy,exception=class org.apache.deltaspike.data.api.QueryInvocationException,message=Failed calling Repository: [Repository=ru.neginskiy.tm.api.repository.ITaskRepository,entity=ru.neginskiy.tm.entity.Task,method=findBy,exception=class java.lang.reflect.InvocationTargetException,message=null Please see the server log to find more detail regarding exact cause of the failure.
	at ru.neginskiy.tm.endpoint.TaskEndpointTest.after(TaskEndpointTest.java:115)

