<?xml version="1.0" encoding="UTF-8"?>
<testsuite xmlns:xsi="http://www.w3.org/2001/XMLSchema-instance" xsi:noNamespaceSchemaLocation="https://maven.apache.org/surefire/maven-surefire-plugin/xsd/surefire-test-report.xsd" name="ru.neginskiy.tm.endpoint.ProjectEndpointTest" time="0.151" tests="4" errors="4" skipped="0" failures="0">
  <properties>
[...]
</properties>
  <testcase name="testProjectGetById" classname="ru.neginskiy.tm.endpoint.ProjectEndpointTest" time="0">
    <error message="Failed to access the WSDL at: http://localhost:8080/task-manager/UserEndpoint?wsdl. It failed with: &#10;	http://localhost:8080/task-manager/UserEndpoint?wsdl." type="javax.xml.ws.WebServiceException"><![CDATA[javax.xml.ws.WebServiceException: 
Failed to access the WSDL at: http://localhost:8080/task-manager/UserEndpoint?wsdl. It failed with: 
	http://localhost:8080/task-manager/UserEndpoint?wsdl.
	at ru.neginskiy.tm.endpoint.ProjectEndpointTest.<init>(ProjectEndpointTest.java:14)
Caused by: java.io.FileNotFoundException: http://localhost:8080/task-manager/UserEndpoint?wsdl
	at ru.neginskiy.tm.endpoint.ProjectEndpointTest.<init>(ProjectEndpointTest.java:14)
]]></error>
  </testcase>
  <testcase name="testProjectDelete" classname="ru.neginskiy.tm.endpoint.ProjectEndpointTest" time="0">
    <error message="Failed to access the WSDL at: http://localhost:8080/task-manager/UserEndpoint?wsdl. It failed with: &#10;	http://localhost:8080/task-manager/UserEndpoint?wsdl." type="javax.xml.ws.WebServiceException"><![CDATA[javax.xml.ws.WebServiceException: 
Failed to access the WSDL at: http://localhost:8080/task-manager/UserEndpoint?wsdl. It failed with: 
	http://localhost:8080/task-manager/UserEndpoint?wsdl.
	at ru.neginskiy.tm.endpoint.ProjectEndpointTest.<init>(ProjectEndpointTest.java:14)
Caused by: java.io.FileNotFoundException: http://localhost:8080/task-manager/UserEndpoint?wsdl
	at ru.neginskiy.tm.endpoint.ProjectEndpointTest.<init>(ProjectEndpointTest.java:14)
]]></error>
  </testcase>
  <testcase name="testProjectGetAll" classname="ru.neginskiy.tm.endpoint.ProjectEndpointTest" time="0">
    <error message="Failed to access the WSDL at: http://localhost:8080/task-manager/UserEndpoint?wsdl. It failed with: &#10;	http://localhost:8080/task-manager/UserEndpoint?wsdl." type="javax.xml.ws.WebServiceException"><![CDATA[javax.xml.ws.WebServiceException: 
Failed to access the WSDL at: http://localhost:8080/task-manager/UserEndpoint?wsdl. It failed with: 
	http://localhost:8080/task-manager/UserEndpoint?wsdl.
	at ru.neginskiy.tm.endpoint.ProjectEndpointTest.<init>(ProjectEndpointTest.java:14)
Caused by: java.io.FileNotFoundException: http://localhost:8080/task-manager/UserEndpoint?wsdl
	at ru.neginskiy.tm.endpoint.ProjectEndpointTest.<init>(ProjectEndpointTest.java:14)
]]></error>
  </testcase>
  <testcase name="testProjectMerge" classname="ru.neginskiy.tm.endpoint.ProjectEndpointTest" time="0">
    <error message="Failed to access the WSDL at: http://localhost:8080/task-manager/UserEndpoint?wsdl. It failed with: &#10;	http://localhost:8080/task-manager/UserEndpoint?wsdl." type="javax.xml.ws.WebServiceException"><![CDATA[javax.xml.ws.WebServiceException: 
Failed to access the WSDL at: http://localhost:8080/task-manager/UserEndpoint?wsdl. It failed with: 
	http://localhost:8080/task-manager/UserEndpoint?wsdl.
	at ru.neginskiy.tm.endpoint.ProjectEndpointTest.<init>(ProjectEndpointTest.java:14)
Caused by: java.io.FileNotFoundException: http://localhost:8080/task-manager/UserEndpoint?wsdl
	at ru.neginskiy.tm.endpoint.ProjectEndpointTest.<init>(ProjectEndpointTest.java:14)
]]></error>
  </testcase>
</testsuite>