<?xml version="1.0" encoding="UTF-8"?>
<testsuite xmlns:xsi="http://www.w3.org/2001/XMLSchema-instance" xsi:noNamespaceSchemaLocation="https://maven.apache.org/surefire/maven-surefire-plugin/xsd/surefire-test-report.xsd" name="ru.neginskiy.tm.endpoint.ProjectEndpointTest" time="0.906" tests="8" errors="8" skipped="0" failures="0">
  <properties>
[...]
</properties>
  <testcase name="testProjectGetById" classname="ru.neginskiy.tm.endpoint.ProjectEndpointTest" time="0.203">
    <error message="Client received SOAP Fault from server: WFLYJPA0060: Transaction is required to perform this operation (either use a transaction or extended persistence context) Please see the server log to find more detail regarding exact cause of the failure." type="com.sun.xml.internal.ws.fault.ServerSOAPFaultException">com.sun.xml.internal.ws.fault.ServerSOAPFaultException: Client received SOAP Fault from server: WFLYJPA0060: Transaction is required to perform this operation (either use a transaction or extended persistence context) Please see the server log to find more detail regarding exact cause of the failure.
	at ru.neginskiy.tm.endpoint.ProjectEndpointTest.before(ProjectEndpointTest.java:37)
</error>
  </testcase>
  <testcase name="testProjectGetById" classname="ru.neginskiy.tm.endpoint.ProjectEndpointTest" time="0.203">
    <error message="Client received SOAP Fault from server: Failed calling Repository: [Repository=ru.neginskiy.tm.api.repository.ITaskRepository,entity=ru.neginskiy.tm.entity.Task,method=findBy,exception=class org.apache.deltaspike.data.api.QueryInvocationException,message=Failed calling Repository: [Repository=ru.neginskiy.tm.api.repository.ITaskRepository,entity=ru.neginskiy.tm.entity.Task,method=findBy,exception=class org.apache.deltaspike.data.api.QueryInvocationException,message=Failed calling Repository: [Repository=ru.neginskiy.tm.api.repository.ITaskRepository,entity=ru.neginskiy.tm.entity.Task,method=findBy,exception=class java.lang.reflect.InvocationTargetException,message=null Please see the server log to find more detail regarding exact cause of the failure." type="com.sun.xml.internal.ws.fault.ServerSOAPFaultException">com.sun.xml.internal.ws.fault.ServerSOAPFaultException: Client received SOAP Fault from server: Failed calling Repository: [Repository=ru.neginskiy.tm.api.repository.ITaskRepository,entity=ru.neginskiy.tm.entity.Task,method=findBy,exception=class org.apache.deltaspike.data.api.QueryInvocationException,message=Failed calling Repository: [Repository=ru.neginskiy.tm.api.repository.ITaskRepository,entity=ru.neginskiy.tm.entity.Task,method=findBy,exception=class org.apache.deltaspike.data.api.QueryInvocationException,message=Failed calling Repository: [Repository=ru.neginskiy.tm.api.repository.ITaskRepository,entity=ru.neginskiy.tm.entity.Task,method=findBy,exception=class java.lang.reflect.InvocationTargetException,message=null Please see the server log to find more detail regarding exact cause of the failure.
	at ru.neginskiy.tm.endpoint.ProjectEndpointTest.after(ProjectEndpointTest.java:109)
</error>
  </testcase>
  <testcase name="testProjectDelete" classname="ru.neginskiy.tm.endpoint.ProjectEndpointTest" time="0.016">
    <error message="Client received SOAP Fault from server: WFLYJPA0060: Transaction is required to perform this operation (either use a transaction or extended persistence context) Please see the server log to find more detail regarding exact cause of the failure." type="com.sun.xml.internal.ws.fault.ServerSOAPFaultException">com.sun.xml.internal.ws.fault.ServerSOAPFaultException: Client received SOAP Fault from server: WFLYJPA0060: Transaction is required to perform this operation (either use a transaction or extended persistence context) Please see the server log to find more detail regarding exact cause of the failure.
	at ru.neginskiy.tm.endpoint.ProjectEndpointTest.before(ProjectEndpointTest.java:37)
</error>
  </testcase>
  <testcase name="testProjectDelete" classname="ru.neginskiy.tm.endpoint.ProjectEndpointTest" time="0.032">
    <error message="Client received SOAP Fault from server: Failed calling Repository: [Repository=ru.neginskiy.tm.api.repository.ITaskRepository,entity=ru.neginskiy.tm.entity.Task,method=findBy,exception=class org.apache.deltaspike.data.api.QueryInvocationException,message=Failed calling Repository: [Repository=ru.neginskiy.tm.api.repository.ITaskRepository,entity=ru.neginskiy.tm.entity.Task,method=findBy,exception=class org.apache.deltaspike.data.api.QueryInvocationException,message=Failed calling Repository: [Repository=ru.neginskiy.tm.api.repository.ITaskRepository,entity=ru.neginskiy.tm.entity.Task,method=findBy,exception=class java.lang.reflect.InvocationTargetException,message=null Please see the server log to find more detail regarding exact cause of the failure." type="com.sun.xml.internal.ws.fault.ServerSOAPFaultException">com.sun.xml.internal.ws.fault.ServerSOAPFaultException: Client received SOAP Fault from server: Failed calling Repository: [Repository=ru.neginskiy.tm.api.repository.ITaskRepository,entity=ru.neginskiy.tm.entity.Task,method=findBy,exception=class org.apache.deltaspike.data.api.QueryInvocationException,message=Failed calling Repository: [Repository=ru.neginskiy.tm.api.repository.ITaskRepository,entity=ru.neginskiy.tm.entity.Task,method=findBy,exception=class org.apache.deltaspike.data.api.QueryInvocationException,message=Failed calling Repository: [Repository=ru.neginskiy.tm.api.repository.ITaskRepository,entity=ru.neginskiy.tm.entity.Task,method=findBy,exception=class java.lang.reflect.InvocationTargetException,message=null Please see the server log to find more detail regarding exact cause of the failure.
	at ru.neginskiy.tm.endpoint.ProjectEndpointTest.after(ProjectEndpointTest.java:109)
</error>
  </testcase>
  <testcase name="testProjectGetAll" classname="ru.neginskiy.tm.endpoint.ProjectEndpointTest" time="0.016">
    <error message="Client received SOAP Fault from server: WFLYJPA0060: Transaction is required to perform this operation (either use a transaction or extended persistence context) Please see the server log to find more detail regarding exact cause of the failure." type="com.sun.xml.internal.ws.fault.ServerSOAPFaultException">com.sun.xml.internal.ws.fault.ServerSOAPFaultException: Client received SOAP Fault from server: WFLYJPA0060: Transaction is required to perform this operation (either use a transaction or extended persistence context) Please see the server log to find more detail regarding exact cause of the failure.
	at ru.neginskiy.tm.endpoint.ProjectEndpointTest.before(ProjectEndpointTest.java:37)
</error>
  </testcase>
  <testcase name="testProjectGetAll" classname="ru.neginskiy.tm.endpoint.ProjectEndpointTest" time="0.016">
    <error message="Client received SOAP Fault from server: Failed calling Repository: [Repository=ru.neginskiy.tm.api.repository.ITaskRepository,entity=ru.neginskiy.tm.entity.Task,method=findBy,exception=class org.apache.deltaspike.data.api.QueryInvocationException,message=Failed calling Repository: [Repository=ru.neginskiy.tm.api.repository.ITaskRepository,entity=ru.neginskiy.tm.entity.Task,method=findBy,exception=class org.apache.deltaspike.data.api.QueryInvocationException,message=Failed calling Repository: [Repository=ru.neginskiy.tm.api.repository.ITaskRepository,entity=ru.neginskiy.tm.entity.Task,method=findBy,exception=class java.lang.reflect.InvocationTargetException,message=null Please see the server log to find more detail regarding exact cause of the failure." type="com.sun.xml.internal.ws.fault.ServerSOAPFaultException">com.sun.xml.internal.ws.fault.ServerSOAPFaultException: Client received SOAP Fault from server: Failed calling Repository: [Repository=ru.neginskiy.tm.api.repository.ITaskRepository,entity=ru.neginskiy.tm.entity.Task,method=findBy,exception=class org.apache.deltaspike.data.api.QueryInvocationException,message=Failed calling Repository: [Repository=ru.neginskiy.tm.api.repository.ITaskRepository,entity=ru.neginskiy.tm.entity.Task,method=findBy,exception=class org.apache.deltaspike.data.api.QueryInvocationException,message=Failed calling Repository: [Repository=ru.neginskiy.tm.api.repository.ITaskRepository,entity=ru.neginskiy.tm.entity.Task,method=findBy,exception=class java.lang.reflect.InvocationTargetException,message=null Please see the server log to find more detail regarding exact cause of the failure.
	at ru.neginskiy.tm.endpoint.ProjectEndpointTest.after(ProjectEndpointTest.java:109)
</error>
  </testcase>
  <testcase name="testProjectMerge" classname="ru.neginskiy.tm.endpoint.ProjectEndpointTest" time="0.016">
    <error message="Client received SOAP Fault from server: WFLYJPA0060: Transaction is required to perform this operation (either use a transaction or extended persistence context) Please see the server log to find more detail regarding exact cause of the failure." type="com.sun.xml.internal.ws.fault.ServerSOAPFaultException">com.sun.xml.internal.ws.fault.ServerSOAPFaultException: Client received SOAP Fault from server: WFLYJPA0060: Transaction is required to perform this operation (either use a transaction or extended persistence context) Please see the server log to find more detail regarding exact cause of the failure.
	at ru.neginskiy.tm.endpoint.ProjectEndpointTest.before(ProjectEndpointTest.java:37)
</error>
  </testcase>
  <testcase name="testProjectMerge" classname="ru.neginskiy.tm.endpoint.ProjectEndpointTest" time="0.016">
    <error message="Client received SOAP Fault from server: Failed calling Repository: [Repository=ru.neginskiy.tm.api.repository.ITaskRepository,entity=ru.neginskiy.tm.entity.Task,method=findBy,exception=class org.apache.deltaspike.data.api.QueryInvocationException,message=Failed calling Repository: [Repository=ru.neginskiy.tm.api.repository.ITaskRepository,entity=ru.neginskiy.tm.entity.Task,method=findBy,exception=class org.apache.deltaspike.data.api.QueryInvocationException,message=Failed calling Repository: [Repository=ru.neginskiy.tm.api.repository.ITaskRepository,entity=ru.neginskiy.tm.entity.Task,method=findBy,exception=class java.lang.reflect.InvocationTargetException,message=null Please see the server log to find more detail regarding exact cause of the failure." type="com.sun.xml.internal.ws.fault.ServerSOAPFaultException">com.sun.xml.internal.ws.fault.ServerSOAPFaultException: Client received SOAP Fault from server: Failed calling Repository: [Repository=ru.neginskiy.tm.api.repository.ITaskRepository,entity=ru.neginskiy.tm.entity.Task,method=findBy,exception=class org.apache.deltaspike.data.api.QueryInvocationException,message=Failed calling Repository: [Repository=ru.neginskiy.tm.api.repository.ITaskRepository,entity=ru.neginskiy.tm.entity.Task,method=findBy,exception=class org.apache.deltaspike.data.api.QueryInvocationException,message=Failed calling Repository: [Repository=ru.neginskiy.tm.api.repository.ITaskRepository,entity=ru.neginskiy.tm.entity.Task,method=findBy,exception=class java.lang.reflect.InvocationTargetException,message=null Please see the server log to find more detail regarding exact cause of the failure.
	at ru.neginskiy.tm.endpoint.ProjectEndpointTest.after(ProjectEndpointTest.java:109)
</error>
  </testcase>
</testsuite>